Repository 'R1 LASER(PCRC-MDEUSGC7HF)', 'C:\Users\ZINK-ERREKA\Documents\WorkVisual 6.0\Repositories\R1 LASER(PCRC-MDEUSGC7HF)'
====================================================================================================

2025-07-15 07:57:45.718  | CHANGED | C:\Users\ZINK-ERREKA\Documents\WorkVisual 6.0\Repositories\R1 LASER(PCRC-MDEUSGC7HF)\Connections.xml
2025-07-15 07:57:45.718  | CHANGED | C:\Users\ZINK-ERREKA\Documents\WorkVisual 6.0\Repositories\R1 LASER(PCRC-MDEUSGC7HF)\Connections.xml
2025-07-15 07:58:55.248  | CHANGED | C:\Users\ZINK-ERREKA\Documents\WorkVisual 6.0\Repositories\R1 LASER(PCRC-MDEUSGC7HF)\Connections.xml
2025-07-15 07:58:55.248  | CHANGED | C:\Users\ZINK-ERREKA\Documents\WorkVisual 6.0\Repositories\R1 LASER(PCRC-MDEUSGC7HF)\Connections.xml
2025-07-15 07:59:07.257  | CHANGED | C:\Users\ZINK-ERREKA\Documents\WorkVisual 6.0\Repositories\R1 LASER(PCRC-MDEUSGC7HF)\Connections.xml
2025-07-15 07:59:07.257  | CHANGED | C:\Users\ZINK-ERREKA\Documents\WorkVisual 6.0\Repositories\R1 LASER(PCRC-MDEUSGC7HF)\Connections.xml
2025-07-15 08:05:53.802  | CHANGED | C:\Users\ZINK-ERREKA\Documents\WorkVisual 6.0\Repositories\R1 LASER(PCRC-MDEUSGC7HF)\Connections.xml
2025-07-15 08:05:53.802  | CHANGED | C:\Users\ZINK-ERREKA\Documents\WorkVisual 6.0\Repositories\R1 LASER(PCRC-MDEUSGC7HF)\Connections.xml
2025-07-16 12:35:14.818  | CHANGED | C:\Users\ZINK-ERREKA\Documents\WorkVisual 6.0\Repositories\R1 LASER(PCRC-MDEUSGC7HF)\Connections.xml
2025-07-16 12:35:14.818  | CHANGED | C:\Users\ZINK-ERREKA\Documents\WorkVisual 6.0\Repositories\R1 LASER(PCRC-MDEUSGC7HF)\Connections.xml
2025-07-16 12:35:26.271  | CHANGED | C:\Users\ZINK-ERREKA\Documents\WorkVisual 6.0\Repositories\R1 LASER(PCRC-MDEUSGC7HF)\Connections.xml
2025-07-16 12:35:26.271  | CHANGED | C:\Users\ZINK-ERREKA\Documents\WorkVisual 6.0\Repositories\R1 LASER(PCRC-MDEUSGC7HF)\Connections.xml
2025-07-16 12:35:50.288  | CHANGED | C:\Users\ZINK-ERREKA\Documents\WorkVisual 6.0\Repositories\R1 LASER(PCRC-MDEUSGC7HF)\Connections.xml
2025-07-16 12:35:50.288  | CHANGED | C:\Users\ZINK-ERREKA\Documents\WorkVisual 6.0\Repositories\R1 LASER(PCRC-MDEUSGC7HF)\Connections.xml
2025-07-16 12:36:02.272  | CHANGED | C:\Users\ZINK-ERREKA\Documents\WorkVisual 6.0\Repositories\R1 LASER(PCRC-MDEUSGC7HF)\Connections.xml
2025-07-16 12:36:02.272  | CHANGED | C:\Users\ZINK-ERREKA\Documents\WorkVisual 6.0\Repositories\R1 LASER(PCRC-MDEUSGC7HF)\Connections.xml
2025-07-16 12:36:27.085  | CHANGED | C:\Users\ZINK-ERREKA\Documents\WorkVisual 6.0\Repositories\R1 LASER(PCRC-MDEUSGC7HF)\Connections.xml
2025-07-16 12:36:27.085  | CHANGED | C:\Users\ZINK-ERREKA\Documents\WorkVisual 6.0\Repositories\R1 LASER(PCRC-MDEUSGC7HF)\Connections.xml
2025-07-16 12:37:38.762  | CHANGED | C:\Users\ZINK-ERREKA\Documents\WorkVisual 6.0\Repositories\R1 LASER(PCRC-MDEUSGC7HF)\Connections.xml
2025-07-16 12:37:38.762  | CHANGED | C:\Users\ZINK-ERREKA\Documents\WorkVisual 6.0\Repositories\R1 LASER(PCRC-MDEUSGC7HF)\Connections.xml
2025-07-16 12:38:56.978  | CHANGED | C:\Users\ZINK-ERREKA\Documents\WorkVisual 6.0\Repositories\R1 LASER(PCRC-MDEUSGC7HF)\Connections.xml
2025-07-16 12:38:56.978  | CHANGED | C:\Users\ZINK-ERREKA\Documents\WorkVisual 6.0\Repositories\R1 LASER(PCRC-MDEUSGC7HF)\Connections.xml
2025-07-16 12:42:33.801  | CHANGED | C:\Users\ZINK-ERREKA\Documents\WorkVisual 6.0\Repositories\R1 LASER(PCRC-MDEUSGC7HF)\Connections.xml
2025-07-16 12:42:33.801  | CHANGED | C:\Users\ZINK-ERREKA\Documents\WorkVisual 6.0\Repositories\R1 LASER(PCRC-MDEUSGC7HF)\Connections.xml
2025-07-16 12:42:45.786  | CHANGED | C:\Users\ZINK-ERREKA\Documents\WorkVisual 6.0\Repositories\R1 LASER(PCRC-MDEUSGC7HF)\Connections.xml
2025-07-16 12:42:45.786  | CHANGED | C:\Users\ZINK-ERREKA\Documents\WorkVisual 6.0\Repositories\R1 LASER(PCRC-MDEUSGC7HF)\Connections.xml
2025-07-16 12:43:08.287  | CHANGED | C:\Users\ZINK-ERREKA\Documents\WorkVisual 6.0\Repositories\R1 LASER(PCRC-MDEUSGC7HF)\Connections.xml
2025-07-16 12:43:08.287  | CHANGED | C:\Users\ZINK-ERREKA\Documents\WorkVisual 6.0\Repositories\R1 LASER(PCRC-MDEUSGC7HF)\Connections.xml
2025-07-16 12:43:20.271  | CHANGED | C:\Users\ZINK-ERREKA\Documents\WorkVisual 6.0\Repositories\R1 LASER(PCRC-MDEUSGC7HF)\Connections.xml
2025-07-16 12:43:20.271  | CHANGED | C:\Users\ZINK-ERREKA\Documents\WorkVisual 6.0\Repositories\R1 LASER(PCRC-MDEUSGC7HF)\Connections.xml
2025-07-16 12:43:42.647  | CHANGED | C:\Users\ZINK-ERREKA\Documents\WorkVisual 6.0\Repositories\R1 LASER(PCRC-MDEUSGC7HF)\Connections.xml
2025-07-16 12:43:42.647  | CHANGED | C:\Users\ZINK-ERREKA\Documents\WorkVisual 6.0\Repositories\R1 LASER(PCRC-MDEUSGC7HF)\Connections.xml
2025-07-16 12:44:55.264  | CHANGED | C:\Users\ZINK-ERREKA\Documents\WorkVisual 6.0\Repositories\R1 LASER(PCRC-MDEUSGC7HF)\Connections.xml
2025-07-16 12:44:55.279  | CHANGED | C:\Users\ZINK-ERREKA\Documents\WorkVisual 6.0\Repositories\R1 LASER(PCRC-MDEUSGC7HF)\Connections.xml
2025-07-16 01:26:54.003  | CHANGED | C:\Users\ZINK-ERREKA\Documents\WorkVisual 6.0\Repositories\R1 LASER(PCRC-MDEUSGC7HF)\Connections.xml
2025-07-16 01:26:54.003  | CHANGED | C:\Users\ZINK-ERREKA\Documents\WorkVisual 6.0\Repositories\R1 LASER(PCRC-MDEUSGC7HF)\Connections.xml
2025-07-23 12:51:08.907  | CHANGED | C:\Users\ZINK-ERREKA\Documents\WorkVisual 6.0\Repositories\R1 LASER(PCRC-MDEUSGC7HF)\Connections.xml
2025-07-23 12:51:08.907  | CHANGED | C:\Users\ZINK-ERREKA\Documents\WorkVisual 6.0\Repositories\R1 LASER(PCRC-MDEUSGC7HF)\Connections.xml
2025-07-23 12:51:37.142  | CHANGED | C:\Users\ZINK-ERREKA\Documents\WorkVisual 6.0\Repositories\R1 LASER(PCRC-MDEUSGC7HF)\Connections.xml
2025-07-23 12:51:37.142  | CHANGED | C:\Users\ZINK-ERREKA\Documents\WorkVisual 6.0\Repositories\R1 LASER(PCRC-MDEUSGC7HF)\Connections.xml
2025-07-23 12:51:50.643  | CHANGED | C:\Users\ZINK-ERREKA\Documents\WorkVisual 6.0\Repositories\R1 LASER(PCRC-MDEUSGC7HF)\Connections.xml
2025-07-23 12:51:50.643  | CHANGED | C:\Users\ZINK-ERREKA\Documents\WorkVisual 6.0\Repositories\R1 LASER(PCRC-MDEUSGC7HF)\Connections.xml
2025-07-23 12:52:07.128  | CHANGED | C:\Users\ZINK-ERREKA\Documents\WorkVisual 6.0\Repositories\R1 LASER(PCRC-MDEUSGC7HF)\Connections.xml
2025-07-23 12:52:07.128  | CHANGED | C:\Users\ZINK-ERREKA\Documents\WorkVisual 6.0\Repositories\R1 LASER(PCRC-MDEUSGC7HF)\Connections.xml
2025-07-29 12:15:04.060  | CHANGED | C:\Users\ZINK-ERREKA\Documents\WorkVisual 6.0\Repositories\R1 LASER(PCRC-MDEUSGC7HF)\KRC\R1\Program\Work\C2_CicloCompleto.src
2025-07-29 12:15:04.070  | CHANGED | C:\Users\ZINK-ERREKA\Documents\WorkVisual 6.0\Repositories\R1 LASER(PCRC-MDEUSGC7HF)\KRC\R1\Program\Work\C2_CicloCompleto.src
2025-07-29 12:15:04.070  | CHANGED | C:\Users\ZINK-ERREKA\Documents\WorkVisual 6.0\Repositories\R1 LASER(PCRC-MDEUSGC7HF)\KRC\R1\Program\Work\C2_CicloCompleto.src
2025-07-29 12:15:04.070  | CHANGED | C:\Users\ZINK-ERREKA\Documents\WorkVisual 6.0\Repositories\R1 LASER(PCRC-MDEUSGC7HF)\KRC\R1\Program\Work\C2_CicloCompleto.src
2025-07-29 12:15:05.929  | CHANGED | C:\Users\ZINK-ERREKA\Documents\WorkVisual 6.0\Repositories\R1 LASER(PCRC-MDEUSGC7HF)\Modifications.xml
2025-07-29 12:15:05.930  | CHANGED | C:\Users\ZINK-ERREKA\Documents\WorkVisual 6.0\Repositories\R1 LASER(PCRC-MDEUSGC7HF)\Modifications.xml
